<?xml version="1.0" encoding="UTF-8"?>
<!-- Generated by org.testng.reporters.JUnitReportReporter -->
<testsuite hostname="CDN-YF-QUANH" name="example.DeleteExapmle" tests="1" failures="0" timestamp="2 May 2017 03:02:09 GMT" time="0.029" errors="0">
  <testcase name="deleteExampleTest" time="0.029" classname="example.DeleteExapmle"/>
</testsuite> <!-- example.DeleteExapmle -->
