<?xml version="1.0" encoding="UTF-8"?>
<!-- Generated by org.testng.reporters.JUnitReportReporter -->
<testsuite hostname="CDN-YF-QUANH" name="example.PostExample" tests="1" failures="0" timestamp="2 May 2017 03:02:09 GMT" time="0.059" errors="0">
  <testcase name="postExampleTest" time="0.059" classname="example.PostExample"/>
</testsuite> <!-- example.PostExample -->
