<?xml version="1.0" encoding="UTF-8"?>
<!-- Generated by org.testng.reporters.JUnitReportReporter -->
<testsuite hostname="X-CDN-QUANH" name="store.BookInfoTest" tests="2" failures="0" timestamp="15 Aug 2018 10:08:38 GMT" time="0.062" errors="0">
  <testcase name="getWinnerIdTest" time="0.031" classname="store.BookInfoTest"/>
  <testcase name="getBookInfoTest" time="0.031" classname="store.BookInfoTest"/>
</testsuite> <!-- store.BookInfoTest -->
