<?xml version="1.0" encoding="UTF-8"?>
<!-- Generated by org.testng.reporters.JUnitReportReporter -->
<testsuite hostname="X-CDN-QUANH" name="example.GetExample" tests="1" failures="0" timestamp="15 Aug 2018 10:08:38 GMT" time="0.109" errors="0">
  <testcase name="getExampleTest" time="0.109" classname="example.GetExample"/>
</testsuite> <!-- example.GetExample -->
