<?xml version="1.0" encoding="UTF-8"?>
<!-- Generated by org.testng.reporters.JUnitReportReporter -->
<testsuite hostname="X-CDN-QUANH" name="login.LoginTest" tests="11" failures="0" timestamp="15 Aug 2018 10:08:38 GMT" time="1.736" errors="0">
  <testcase name="errorUserNameLoginTest" time="0.032" classname="login.LoginTest"/>
  <testcase name="errorPwdLoginTest" time="0.031" classname="login.LoginTest"/>
  <testcase name="errorPwdLoginTest" time="0.031" classname="login.LoginTest"/>
  <testcase name="errorPwdLoginTest" time="0.016" classname="login.LoginTest"/>
  <testcase name="errorPwdLoginTest" time="0.031" classname="login.LoginTest"/>
  <testcase name="errorPwdLoginTest" time="1.062" classname="login.LoginTest"/>
  <testcase name="errorPwdLoginTest" time="0.031" classname="login.LoginTest"/>
  <testcase name="errorUserNameLoginTest" time="0.031" classname="login.LoginTest"/>
  <testcase name="errorPwdLoginTest" time="0.032" classname="login.LoginTest"/>
  <testcase name="passedloginTest" time="0.408" classname="login.LoginTest"/>
  <testcase name="errorUserNameLoginTest" time="0.031" classname="login.LoginTest"/>
</testsuite> <!-- login.LoginTest -->
