<?xml version="1.0" encoding="UTF-8"?>
<!-- Generated by org.testng.reporters.JUnitReportReporter -->
<testsuite hostname="CDN-YF-QUANH" name="store.BookInfoTest" tests="1" failures="0" timestamp="2 May 2017 03:02:09 GMT" time="0.034" errors="0">
  <testcase name="getBookInfoTest" time="0.034" classname="store.BookInfoTest"/>
</testsuite> <!-- store.BookInfoTest -->
