<?xml version="1.0" encoding="UTF-8"?>
<!-- Generated by org.testng.reporters.JUnitReportReporter -->
<testsuite hostname="CDN-YF-QUANH" name="store.BicycleInfoTest" tests="1" failures="0" timestamp="2 May 2017 03:02:09 GMT" time="0.040" errors="0">
  <testcase name="getBicycleInfoTest" time="0.040" classname="store.BicycleInfoTest"/>
</testsuite> <!-- store.BicycleInfoTest -->
