<?xml version="1.0" encoding="UTF-8"?>
<!-- Generated by org.testng.reporters.JUnitReportReporter -->
<testsuite hostname="CDN-YF-QUANH" name="login.LoginTest" tests="1" failures="0" timestamp="2 May 2017 03:02:09 GMT" time="1.779" errors="0">
  <testcase name="loginTest" time="1.779" classname="login.LoginTest"/>
</testsuite> <!-- login.LoginTest -->
